2023-01-21 21:58:34,813 INFO  [restartedMain] com.tpe.SpringJwtApplication:Starting SpringJwtApplication using Java 18.0.2.1 on Abide-MacBook-Pro.fritz.box with PID 17485 (/Users/abidehalidekaradag/eclipse-workspace/spring_jwt/target/classes started by abidehalidekaradag in /Users/abidehalidekaradag/eclipse-workspace/spring_jwt)
2023-01-21 21:58:34,815 INFO  [restartedMain] com.tpe.SpringJwtApplication:No active profile set, falling back to 1 default profile: "default"
2023-01-21 21:58:34,972 INFO  [restartedMain] org.springframework.boot.devtools.env.DevToolsPropertyDefaultsPostProcessor:Devtools property defaults active! Set 'spring.devtools.add-properties' to 'false' to disable
2023-01-21 21:58:34,973 INFO  [restartedMain] org.springframework.boot.devtools.env.DevToolsPropertyDefaultsPostProcessor:For additional web related logging consider setting the 'logging.level.web' property to 'DEBUG'
2023-01-21 21:58:35,863 WARN  [restartedMain] org.springframework.boot.web.servlet.context.AnnotationConfigServletWebServerApplicationContext:Exception encountered during context initialization - cancelling refresh attempt: org.springframework.beans.factory.support.BeanDefinitionOverrideException: Invalid bean definition with name 'authTokenFilter' defined in class path resource [com/tpe/config/WebSecurityConfig.class]: Cannot register bean definition [Root bean: class [null]; scope=; abstract=false; lazyInit=null; autowireMode=3; dependencyCheck=0; autowireCandidate=true; primary=false; factoryBeanName=webSecurityConfig; factoryMethodName=authTokenFilter; initMethodName=null; destroyMethodName=(inferred); defined in class path resource [com/tpe/config/WebSecurityConfig.class]] for bean 'authTokenFilter': There is already [Generic bean: class [com.tpe.security.AuthTokenFilter]; scope=singleton; abstract=false; lazyInit=null; autowireMode=0; dependencyCheck=0; autowireCandidate=true; primary=false; factoryBeanName=null; factoryMethodName=null; initMethodName=null; destroyMethodName=null; defined in file [/Users/abidehalidekaradag/eclipse-workspace/spring_jwt/target/classes/com/tpe/security/AuthTokenFilter.class]] bound.
2023-01-21 21:58:35,881 INFO  [restartedMain] org.springframework.boot.autoconfigure.logging.ConditionEvaluationReportLoggingListener:

Error starting ApplicationContext. To display the conditions report re-run your application with 'debug' enabled.
2023-01-21 21:58:35,899 ERROR [restartedMain] org.springframework.boot.diagnostics.LoggingFailureAnalysisReporter:

***************************
APPLICATION FAILED TO START
***************************

Description:

The bean 'authTokenFilter', defined in class path resource [com/tpe/config/WebSecurityConfig.class], could not be registered. A bean with that name has already been defined in file [/Users/abidehalidekaradag/eclipse-workspace/spring_jwt/target/classes/com/tpe/security/AuthTokenFilter.class] and overriding is disabled.

Action:

Consider renaming one of the beans or enabling overriding by setting spring.main.allow-bean-definition-overriding=true

2023-01-21 22:01:33,352 INFO  [restartedMain] com.tpe.SpringJwtApplication:Starting SpringJwtApplication using Java 18.0.2.1 on Abide-MacBook-Pro.fritz.box with PID 17712 (/Users/abidehalidekaradag/eclipse-workspace/spring_jwt/target/classes started by abidehalidekaradag in /Users/abidehalidekaradag/eclipse-workspace/spring_jwt)
2023-01-21 22:01:33,356 INFO  [restartedMain] com.tpe.SpringJwtApplication:No active profile set, falling back to 1 default profile: "default"
2023-01-21 22:01:33,445 INFO  [restartedMain] org.springframework.boot.devtools.env.DevToolsPropertyDefaultsPostProcessor:Devtools property defaults active! Set 'spring.devtools.add-properties' to 'false' to disable
2023-01-21 22:01:33,446 INFO  [restartedMain] org.springframework.boot.devtools.env.DevToolsPropertyDefaultsPostProcessor:For additional web related logging consider setting the 'logging.level.web' property to 'DEBUG'
2023-01-21 22:01:34,198 WARN  [restartedMain] org.springframework.boot.web.servlet.context.AnnotationConfigServletWebServerApplicationContext:Exception encountered during context initialization - cancelling refresh attempt: org.springframework.beans.factory.support.BeanDefinitionOverrideException: Invalid bean definition with name 'authTokenFilter' defined in class path resource [com/tpe/config/WebSecurityConfig.class]: Cannot register bean definition [Root bean: class [null]; scope=; abstract=false; lazyInit=null; autowireMode=3; dependencyCheck=0; autowireCandidate=true; primary=false; factoryBeanName=webSecurityConfig; factoryMethodName=authTokenFilter; initMethodName=null; destroyMethodName=(inferred); defined in class path resource [com/tpe/config/WebSecurityConfig.class]] for bean 'authTokenFilter': There is already [Generic bean: class [com.tpe.security.AuthTokenFilter]; scope=singleton; abstract=false; lazyInit=null; autowireMode=0; dependencyCheck=0; autowireCandidate=true; primary=false; factoryBeanName=null; factoryMethodName=null; initMethodName=null; destroyMethodName=null; defined in file [/Users/abidehalidekaradag/eclipse-workspace/spring_jwt/target/classes/com/tpe/security/AuthTokenFilter.class]] bound.
2023-01-21 22:01:34,210 INFO  [restartedMain] org.springframework.boot.autoconfigure.logging.ConditionEvaluationReportLoggingListener:

Error starting ApplicationContext. To display the conditions report re-run your application with 'debug' enabled.
2023-01-21 22:01:34,241 ERROR [restartedMain] org.springframework.boot.diagnostics.LoggingFailureAnalysisReporter:

***************************
APPLICATION FAILED TO START
***************************

Description:

The bean 'authTokenFilter', defined in class path resource [com/tpe/config/WebSecurityConfig.class], could not be registered. A bean with that name has already been defined in file [/Users/abidehalidekaradag/eclipse-workspace/spring_jwt/target/classes/com/tpe/security/AuthTokenFilter.class] and overriding is disabled.

Action:

Consider renaming one of the beans or enabling overriding by setting spring.main.allow-bean-definition-overriding=true

2023-01-21 22:08:53,826 INFO  [restartedMain] com.tpe.SpringJwtApplication:Starting SpringJwtApplication using Java 18.0.2.1 on Abide-MacBook-Pro.fritz.box with PID 18244 (/Users/abidehalidekaradag/eclipse-workspace/spring_jwt/target/classes started by abidehalidekaradag in /Users/abidehalidekaradag/eclipse-workspace/spring_jwt)
2023-01-21 22:08:53,830 INFO  [restartedMain] com.tpe.SpringJwtApplication:No active profile set, falling back to 1 default profile: "default"
2023-01-21 22:08:53,921 INFO  [restartedMain] org.springframework.boot.devtools.env.DevToolsPropertyDefaultsPostProcessor:Devtools property defaults active! Set 'spring.devtools.add-properties' to 'false' to disable
2023-01-21 22:08:53,921 INFO  [restartedMain] org.springframework.boot.devtools.env.DevToolsPropertyDefaultsPostProcessor:For additional web related logging consider setting the 'logging.level.web' property to 'DEBUG'
2023-01-21 22:08:54,646 WARN  [restartedMain] org.springframework.boot.web.servlet.context.AnnotationConfigServletWebServerApplicationContext:Exception encountered during context initialization - cancelling refresh attempt: org.springframework.beans.factory.support.BeanDefinitionOverrideException: Invalid bean definition with name 'authTokenFilter' defined in class path resource [com/tpe/config/WebSecurityConfig.class]: Cannot register bean definition [Root bean: class [null]; scope=; abstract=false; lazyInit=null; autowireMode=3; dependencyCheck=0; autowireCandidate=true; primary=false; factoryBeanName=webSecurityConfig; factoryMethodName=authTokenFilter; initMethodName=null; destroyMethodName=(inferred); defined in class path resource [com/tpe/config/WebSecurityConfig.class]] for bean 'authTokenFilter': There is already [Generic bean: class [com.tpe.security.AuthTokenFilter]; scope=singleton; abstract=false; lazyInit=null; autowireMode=0; dependencyCheck=0; autowireCandidate=true; primary=false; factoryBeanName=null; factoryMethodName=null; initMethodName=null; destroyMethodName=null; defined in file [/Users/abidehalidekaradag/eclipse-workspace/spring_jwt/target/classes/com/tpe/security/AuthTokenFilter.class]] bound.
2023-01-21 22:08:54,664 INFO  [restartedMain] org.springframework.boot.autoconfigure.logging.ConditionEvaluationReportLoggingListener:

Error starting ApplicationContext. To display the conditions report re-run your application with 'debug' enabled.
2023-01-21 22:08:54,688 ERROR [restartedMain] org.springframework.boot.diagnostics.LoggingFailureAnalysisReporter:

***************************
APPLICATION FAILED TO START
***************************

Description:

The bean 'authTokenFilter', defined in class path resource [com/tpe/config/WebSecurityConfig.class], could not be registered. A bean with that name has already been defined in file [/Users/abidehalidekaradag/eclipse-workspace/spring_jwt/target/classes/com/tpe/security/AuthTokenFilter.class] and overriding is disabled.

Action:

Consider renaming one of the beans or enabling overriding by setting spring.main.allow-bean-definition-overriding=true

2023-01-21 22:09:18,923 INFO  [restartedMain] com.tpe.SpringJwtApplication:Starting SpringJwtApplication using Java 18.0.2.1 on Abide-MacBook-Pro.fritz.box with PID 18276 (/Users/abidehalidekaradag/eclipse-workspace/spring_jwt/target/classes started by abidehalidekaradag in /Users/abidehalidekaradag/eclipse-workspace/spring_jwt)
2023-01-21 22:09:18,927 INFO  [restartedMain] com.tpe.SpringJwtApplication:No active profile set, falling back to 1 default profile: "default"
2023-01-21 22:09:19,015 INFO  [restartedMain] org.springframework.boot.devtools.env.DevToolsPropertyDefaultsPostProcessor:Devtools property defaults active! Set 'spring.devtools.add-properties' to 'false' to disable
2023-01-21 22:09:19,016 INFO  [restartedMain] org.springframework.boot.devtools.env.DevToolsPropertyDefaultsPostProcessor:For additional web related logging consider setting the 'logging.level.web' property to 'DEBUG'
2023-01-21 22:09:19,745 WARN  [restartedMain] org.springframework.boot.web.servlet.context.AnnotationConfigServletWebServerApplicationContext:Exception encountered during context initialization - cancelling refresh attempt: org.springframework.beans.factory.support.BeanDefinitionOverrideException: Invalid bean definition with name 'authTokenFilter' defined in class path resource [com/tpe/config/WebSecurityConfig.class]: Cannot register bean definition [Root bean: class [null]; scope=; abstract=false; lazyInit=null; autowireMode=3; dependencyCheck=0; autowireCandidate=true; primary=false; factoryBeanName=webSecurityConfig; factoryMethodName=authTokenFilter; initMethodName=null; destroyMethodName=(inferred); defined in class path resource [com/tpe/config/WebSecurityConfig.class]] for bean 'authTokenFilter': There is already [Generic bean: class [com.tpe.security.AuthTokenFilter]; scope=singleton; abstract=false; lazyInit=null; autowireMode=0; dependencyCheck=0; autowireCandidate=true; primary=false; factoryBeanName=null; factoryMethodName=null; initMethodName=null; destroyMethodName=null; defined in file [/Users/abidehalidekaradag/eclipse-workspace/spring_jwt/target/classes/com/tpe/security/AuthTokenFilter.class]] bound.
2023-01-21 22:09:19,762 INFO  [restartedMain] org.springframework.boot.autoconfigure.logging.ConditionEvaluationReportLoggingListener:

Error starting ApplicationContext. To display the conditions report re-run your application with 'debug' enabled.
2023-01-21 22:09:19,776 ERROR [restartedMain] org.springframework.boot.diagnostics.LoggingFailureAnalysisReporter:

***************************
APPLICATION FAILED TO START
***************************

Description:

The bean 'authTokenFilter', defined in class path resource [com/tpe/config/WebSecurityConfig.class], could not be registered. A bean with that name has already been defined in file [/Users/abidehalidekaradag/eclipse-workspace/spring_jwt/target/classes/com/tpe/security/AuthTokenFilter.class] and overriding is disabled.

Action:

Consider renaming one of the beans or enabling overriding by setting spring.main.allow-bean-definition-overriding=true

2023-01-21 22:14:27,110 INFO  [restartedMain] com.tpe.SpringJwtApplication:Starting SpringJwtApplication using Java 18.0.2.1 on Abide-MacBook-Pro.fritz.box with PID 18666 (/Users/abidehalidekaradag/eclipse-workspace/spring_jwt/target/classes started by abidehalidekaradag in /Users/abidehalidekaradag/eclipse-workspace/spring_jwt)
2023-01-21 22:14:27,112 INFO  [restartedMain] com.tpe.SpringJwtApplication:No active profile set, falling back to 1 default profile: "default"
2023-01-21 22:14:27,226 INFO  [restartedMain] org.springframework.boot.devtools.env.DevToolsPropertyDefaultsPostProcessor:Devtools property defaults active! Set 'spring.devtools.add-properties' to 'false' to disable
2023-01-21 22:14:27,228 INFO  [restartedMain] org.springframework.boot.devtools.env.DevToolsPropertyDefaultsPostProcessor:For additional web related logging consider setting the 'logging.level.web' property to 'DEBUG'
2023-01-21 22:14:28,000 WARN  [restartedMain] org.springframework.boot.web.servlet.context.AnnotationConfigServletWebServerApplicationContext:Exception encountered during context initialization - cancelling refresh attempt: org.springframework.beans.factory.support.BeanDefinitionOverrideException: Invalid bean definition with name 'authTokenFilter' defined in class path resource [com/tpe/config/WebSecurityConfig.class]: Cannot register bean definition [Root bean: class [null]; scope=; abstract=false; lazyInit=null; autowireMode=3; dependencyCheck=0; autowireCandidate=true; primary=false; factoryBeanName=webSecurityConfig; factoryMethodName=authTokenFilter; initMethodName=null; destroyMethodName=(inferred); defined in class path resource [com/tpe/config/WebSecurityConfig.class]] for bean 'authTokenFilter': There is already [Generic bean: class [com.tpe.security.AuthTokenFilter]; scope=singleton; abstract=false; lazyInit=null; autowireMode=0; dependencyCheck=0; autowireCandidate=true; primary=false; factoryBeanName=null; factoryMethodName=null; initMethodName=null; destroyMethodName=null; defined in file [/Users/abidehalidekaradag/eclipse-workspace/spring_jwt/target/classes/com/tpe/security/AuthTokenFilter.class]] bound.
2023-01-21 22:14:28,017 INFO  [restartedMain] org.springframework.boot.autoconfigure.logging.ConditionEvaluationReportLoggingListener:

Error starting ApplicationContext. To display the conditions report re-run your application with 'debug' enabled.
2023-01-21 22:14:28,036 ERROR [restartedMain] org.springframework.boot.diagnostics.LoggingFailureAnalysisReporter:

***************************
APPLICATION FAILED TO START
***************************

Description:

The bean 'authTokenFilter', defined in class path resource [com/tpe/config/WebSecurityConfig.class], could not be registered. A bean with that name has already been defined in file [/Users/abidehalidekaradag/eclipse-workspace/spring_jwt/target/classes/com/tpe/security/AuthTokenFilter.class] and overriding is disabled.

Action:

Consider renaming one of the beans or enabling overriding by setting spring.main.allow-bean-definition-overriding=true

2023-01-21 22:14:39,428 INFO  [restartedMain] com.tpe.SpringJwtApplication:Starting SpringJwtApplication using Java 18.0.2.1 on Abide-MacBook-Pro.fritz.box with PID 18689 (/Users/abidehalidekaradag/eclipse-workspace/spring_jwt/target/classes started by abidehalidekaradag in /Users/abidehalidekaradag/eclipse-workspace/spring_jwt)
2023-01-21 22:14:39,429 INFO  [restartedMain] com.tpe.SpringJwtApplication:No active profile set, falling back to 1 default profile: "default"
2023-01-21 22:14:39,497 INFO  [restartedMain] org.springframework.boot.devtools.env.DevToolsPropertyDefaultsPostProcessor:Devtools property defaults active! Set 'spring.devtools.add-properties' to 'false' to disable
2023-01-21 22:14:39,498 INFO  [restartedMain] org.springframework.boot.devtools.env.DevToolsPropertyDefaultsPostProcessor:For additional web related logging consider setting the 'logging.level.web' property to 'DEBUG'
2023-01-21 22:14:40,279 WARN  [restartedMain] org.springframework.boot.web.servlet.context.AnnotationConfigServletWebServerApplicationContext:Exception encountered during context initialization - cancelling refresh attempt: org.springframework.beans.factory.support.BeanDefinitionOverrideException: Invalid bean definition with name 'authTokenFilter' defined in class path resource [com/tpe/config/WebSecurityConfig.class]: Cannot register bean definition [Root bean: class [null]; scope=; abstract=false; lazyInit=null; autowireMode=3; dependencyCheck=0; autowireCandidate=true; primary=false; factoryBeanName=webSecurityConfig; factoryMethodName=authTokenFilter; initMethodName=null; destroyMethodName=(inferred); defined in class path resource [com/tpe/config/WebSecurityConfig.class]] for bean 'authTokenFilter': There is already [Generic bean: class [com.tpe.security.AuthTokenFilter]; scope=singleton; abstract=false; lazyInit=null; autowireMode=0; dependencyCheck=0; autowireCandidate=true; primary=false; factoryBeanName=null; factoryMethodName=null; initMethodName=null; destroyMethodName=null; defined in file [/Users/abidehalidekaradag/eclipse-workspace/spring_jwt/target/classes/com/tpe/security/AuthTokenFilter.class]] bound.
2023-01-21 22:14:40,294 INFO  [restartedMain] org.springframework.boot.autoconfigure.logging.ConditionEvaluationReportLoggingListener:

Error starting ApplicationContext. To display the conditions report re-run your application with 'debug' enabled.
2023-01-21 22:14:40,319 ERROR [restartedMain] org.springframework.boot.diagnostics.LoggingFailureAnalysisReporter:

***************************
APPLICATION FAILED TO START
***************************

Description:

The bean 'authTokenFilter', defined in class path resource [com/tpe/config/WebSecurityConfig.class], could not be registered. A bean with that name has already been defined in file [/Users/abidehalidekaradag/eclipse-workspace/spring_jwt/target/classes/com/tpe/security/AuthTokenFilter.class] and overriding is disabled.

Action:

Consider renaming one of the beans or enabling overriding by setting spring.main.allow-bean-definition-overriding=true

2023-01-21 22:16:54,136 INFO  [restartedMain] com.tpe.SpringJwtApplication:Starting SpringJwtApplication using Java 18.0.2.1 on Abide-MacBook-Pro.fritz.box with PID 18939 (/Users/abidehalidekaradag/eclipse-workspace/spring_jwt/target/classes started by abidehalidekaradag in /Users/abidehalidekaradag/eclipse-workspace/spring_jwt)
2023-01-21 22:16:54,140 INFO  [restartedMain] com.tpe.SpringJwtApplication:No active profile set, falling back to 1 default profile: "default"
2023-01-21 22:16:54,227 INFO  [restartedMain] org.springframework.boot.devtools.env.DevToolsPropertyDefaultsPostProcessor:Devtools property defaults active! Set 'spring.devtools.add-properties' to 'false' to disable
2023-01-21 22:16:54,228 INFO  [restartedMain] org.springframework.boot.devtools.env.DevToolsPropertyDefaultsPostProcessor:For additional web related logging consider setting the 'logging.level.web' property to 'DEBUG'
2023-01-21 22:16:54,945 WARN  [restartedMain] org.springframework.boot.web.servlet.context.AnnotationConfigServletWebServerApplicationContext:Exception encountered during context initialization - cancelling refresh attempt: org.springframework.beans.factory.support.BeanDefinitionOverrideException: Invalid bean definition with name 'authTokenFilter' defined in class path resource [com/tpe/config/WebSecurityConfig.class]: Cannot register bean definition [Root bean: class [null]; scope=; abstract=false; lazyInit=null; autowireMode=3; dependencyCheck=0; autowireCandidate=true; primary=false; factoryBeanName=webSecurityConfig; factoryMethodName=authTokenFilter; initMethodName=null; destroyMethodName=(inferred); defined in class path resource [com/tpe/config/WebSecurityConfig.class]] for bean 'authTokenFilter': There is already [Generic bean: class [com.tpe.security.AuthTokenFilter]; scope=singleton; abstract=false; lazyInit=null; autowireMode=0; dependencyCheck=0; autowireCandidate=true; primary=false; factoryBeanName=null; factoryMethodName=null; initMethodName=null; destroyMethodName=null; defined in file [/Users/abidehalidekaradag/eclipse-workspace/spring_jwt/target/classes/com/tpe/security/AuthTokenFilter.class]] bound.
2023-01-21 22:16:54,963 INFO  [restartedMain] org.springframework.boot.autoconfigure.logging.ConditionEvaluationReportLoggingListener:

Error starting ApplicationContext. To display the conditions report re-run your application with 'debug' enabled.
2023-01-21 22:16:54,985 ERROR [restartedMain] org.springframework.boot.diagnostics.LoggingFailureAnalysisReporter:

***************************
APPLICATION FAILED TO START
***************************

Description:

The bean 'authTokenFilter', defined in class path resource [com/tpe/config/WebSecurityConfig.class], could not be registered. A bean with that name has already been defined in file [/Users/abidehalidekaradag/eclipse-workspace/spring_jwt/target/classes/com/tpe/security/AuthTokenFilter.class] and overriding is disabled.

Action:

Consider renaming one of the beans or enabling overriding by setting spring.main.allow-bean-definition-overriding=true

2023-01-21 22:17:46,564 INFO  [restartedMain] com.tpe.SpringJwtApplication:Starting SpringJwtApplication using Java 18.0.2.1 on Abide-MacBook-Pro.fritz.box with PID 19023 (/Users/abidehalidekaradag/eclipse-workspace/spring_jwt/target/classes started by abidehalidekaradag in /Users/abidehalidekaradag/eclipse-workspace/spring_jwt)
2023-01-21 22:17:46,565 INFO  [restartedMain] com.tpe.SpringJwtApplication:No active profile set, falling back to 1 default profile: "default"
2023-01-21 22:17:46,687 INFO  [restartedMain] org.springframework.boot.devtools.env.DevToolsPropertyDefaultsPostProcessor:Devtools property defaults active! Set 'spring.devtools.add-properties' to 'false' to disable
2023-01-21 22:17:46,688 INFO  [restartedMain] org.springframework.boot.devtools.env.DevToolsPropertyDefaultsPostProcessor:For additional web related logging consider setting the 'logging.level.web' property to 'DEBUG'
2023-01-21 22:17:47,397 WARN  [restartedMain] org.springframework.boot.web.servlet.context.AnnotationConfigServletWebServerApplicationContext:Exception encountered during context initialization - cancelling refresh attempt: org.springframework.beans.factory.support.BeanDefinitionOverrideException: Invalid bean definition with name 'authTokenFilter' defined in class path resource [com/tpe/config/WebSecurityConfig.class]: Cannot register bean definition [Root bean: class [null]; scope=; abstract=false; lazyInit=null; autowireMode=3; dependencyCheck=0; autowireCandidate=true; primary=false; factoryBeanName=webSecurityConfig; factoryMethodName=authTokenFilter; initMethodName=null; destroyMethodName=(inferred); defined in class path resource [com/tpe/config/WebSecurityConfig.class]] for bean 'authTokenFilter': There is already [Generic bean: class [com.tpe.security.AuthTokenFilter]; scope=singleton; abstract=false; lazyInit=null; autowireMode=0; dependencyCheck=0; autowireCandidate=true; primary=false; factoryBeanName=null; factoryMethodName=null; initMethodName=null; destroyMethodName=null; defined in file [/Users/abidehalidekaradag/eclipse-workspace/spring_jwt/target/classes/com/tpe/security/AuthTokenFilter.class]] bound.
2023-01-21 22:17:47,418 INFO  [restartedMain] org.springframework.boot.autoconfigure.logging.ConditionEvaluationReportLoggingListener:

Error starting ApplicationContext. To display the conditions report re-run your application with 'debug' enabled.
2023-01-21 22:17:47,434 ERROR [restartedMain] org.springframework.boot.diagnostics.LoggingFailureAnalysisReporter:

***************************
APPLICATION FAILED TO START
***************************

Description:

The bean 'authTokenFilter', defined in class path resource [com/tpe/config/WebSecurityConfig.class], could not be registered. A bean with that name has already been defined in file [/Users/abidehalidekaradag/eclipse-workspace/spring_jwt/target/classes/com/tpe/security/AuthTokenFilter.class] and overriding is disabled.

Action:

Consider renaming one of the beans or enabling overriding by setting spring.main.allow-bean-definition-overriding=true

2023-01-21 22:30:14,407 INFO  [restartedMain] com.tpe.SpringJwtApplication:Starting SpringJwtApplication using Java 18.0.2.1 on Abide-MacBook-Pro.fritz.box with PID 19953 (/Users/abidehalidekaradag/eclipse-workspace/spring_jwt/target/classes started by abidehalidekaradag in /Users/abidehalidekaradag/eclipse-workspace/spring_jwt)
2023-01-21 22:30:14,424 INFO  [restartedMain] com.tpe.SpringJwtApplication:No active profile set, falling back to 1 default profile: "default"
2023-01-21 22:30:14,520 INFO  [restartedMain] org.springframework.boot.devtools.env.DevToolsPropertyDefaultsPostProcessor:Devtools property defaults active! Set 'spring.devtools.add-properties' to 'false' to disable
2023-01-21 22:30:14,520 INFO  [restartedMain] org.springframework.boot.devtools.env.DevToolsPropertyDefaultsPostProcessor:For additional web related logging consider setting the 'logging.level.web' property to 'DEBUG'
2023-01-21 22:30:15,243 WARN  [restartedMain] org.springframework.boot.web.servlet.context.AnnotationConfigServletWebServerApplicationContext:Exception encountered during context initialization - cancelling refresh attempt: org.springframework.beans.factory.support.BeanDefinitionOverrideException: Invalid bean definition with name 'authTokenFilter' defined in class path resource [com/tpe/config/WebSecurityConfig.class]: Cannot register bean definition [Root bean: class [null]; scope=; abstract=false; lazyInit=null; autowireMode=3; dependencyCheck=0; autowireCandidate=true; primary=false; factoryBeanName=webSecurityConfig; factoryMethodName=authTokenFilter; initMethodName=null; destroyMethodName=(inferred); defined in class path resource [com/tpe/config/WebSecurityConfig.class]] for bean 'authTokenFilter': There is already [Generic bean: class [com.tpe.security.AuthTokenFilter]; scope=singleton; abstract=false; lazyInit=null; autowireMode=0; dependencyCheck=0; autowireCandidate=true; primary=false; factoryBeanName=null; factoryMethodName=null; initMethodName=null; destroyMethodName=null; defined in file [/Users/abidehalidekaradag/eclipse-workspace/spring_jwt/target/classes/com/tpe/security/AuthTokenFilter.class]] bound.
2023-01-21 22:30:15,260 INFO  [restartedMain] org.springframework.boot.autoconfigure.logging.ConditionEvaluationReportLoggingListener:

Error starting ApplicationContext. To display the conditions report re-run your application with 'debug' enabled.
2023-01-21 22:30:15,277 ERROR [restartedMain] org.springframework.boot.diagnostics.LoggingFailureAnalysisReporter:

***************************
APPLICATION FAILED TO START
***************************

Description:

The bean 'authTokenFilter', defined in class path resource [com/tpe/config/WebSecurityConfig.class], could not be registered. A bean with that name has already been defined in file [/Users/abidehalidekaradag/eclipse-workspace/spring_jwt/target/classes/com/tpe/security/AuthTokenFilter.class] and overriding is disabled.

Action:

Consider renaming one of the beans or enabling overriding by setting spring.main.allow-bean-definition-overriding=true

2023-01-21 22:33:31,404 INFO  [restartedMain] com.tpe.SpringJwtApplication:Starting SpringJwtApplication using Java 18.0.2.1 on Abide-MacBook-Pro.fritz.box with PID 20203 (/Users/abidehalidekaradag/eclipse-workspace/spring_jwt/target/classes started by abidehalidekaradag in /Users/abidehalidekaradag/eclipse-workspace/spring_jwt)
2023-01-21 22:33:31,408 INFO  [restartedMain] com.tpe.SpringJwtApplication:No active profile set, falling back to 1 default profile: "default"
2023-01-21 22:33:31,510 INFO  [restartedMain] org.springframework.boot.devtools.env.DevToolsPropertyDefaultsPostProcessor:Devtools property defaults active! Set 'spring.devtools.add-properties' to 'false' to disable
2023-01-21 22:33:31,511 INFO  [restartedMain] org.springframework.boot.devtools.env.DevToolsPropertyDefaultsPostProcessor:For additional web related logging consider setting the 'logging.level.web' property to 'DEBUG'
2023-01-21 22:33:32,222 WARN  [restartedMain] org.springframework.boot.web.servlet.context.AnnotationConfigServletWebServerApplicationContext:Exception encountered during context initialization - cancelling refresh attempt: org.springframework.beans.factory.support.BeanDefinitionOverrideException: Invalid bean definition with name 'authTokenFilter' defined in class path resource [com/tpe/config/WebSecurityConfig.class]: Cannot register bean definition [Root bean: class [null]; scope=; abstract=false; lazyInit=null; autowireMode=3; dependencyCheck=0; autowireCandidate=true; primary=false; factoryBeanName=webSecurityConfig; factoryMethodName=authTokenFilter; initMethodName=null; destroyMethodName=(inferred); defined in class path resource [com/tpe/config/WebSecurityConfig.class]] for bean 'authTokenFilter': There is already [Generic bean: class [com.tpe.security.AuthTokenFilter]; scope=singleton; abstract=false; lazyInit=null; autowireMode=0; dependencyCheck=0; autowireCandidate=true; primary=false; factoryBeanName=null; factoryMethodName=null; initMethodName=null; destroyMethodName=null; defined in file [/Users/abidehalidekaradag/eclipse-workspace/spring_jwt/target/classes/com/tpe/security/AuthTokenFilter.class]] bound.
2023-01-21 22:33:32,239 INFO  [restartedMain] org.springframework.boot.autoconfigure.logging.ConditionEvaluationReportLoggingListener:

Error starting ApplicationContext. To display the conditions report re-run your application with 'debug' enabled.
2023-01-21 22:33:32,254 ERROR [restartedMain] org.springframework.boot.diagnostics.LoggingFailureAnalysisReporter:

***************************
APPLICATION FAILED TO START
***************************

Description:

The bean 'authTokenFilter', defined in class path resource [com/tpe/config/WebSecurityConfig.class], could not be registered. A bean with that name has already been defined in file [/Users/abidehalidekaradag/eclipse-workspace/spring_jwt/target/classes/com/tpe/security/AuthTokenFilter.class] and overriding is disabled.

Action:

Consider renaming one of the beans or enabling overriding by setting spring.main.allow-bean-definition-overriding=true

2023-01-21 22:35:15,607 INFO  [restartedMain] com.tpe.SpringJwtApplication:Starting SpringJwtApplication using Java 18.0.2.1 on Abide-MacBook-Pro.fritz.box with PID 20332 (/Users/abidehalidekaradag/eclipse-workspace/spring_jwt/target/classes started by abidehalidekaradag in /Users/abidehalidekaradag/eclipse-workspace/spring_jwt)
2023-01-21 22:35:15,622 INFO  [restartedMain] com.tpe.SpringJwtApplication:No active profile set, falling back to 1 default profile: "default"
2023-01-21 22:35:15,706 INFO  [restartedMain] org.springframework.boot.devtools.env.DevToolsPropertyDefaultsPostProcessor:Devtools property defaults active! Set 'spring.devtools.add-properties' to 'false' to disable
2023-01-21 22:35:15,707 INFO  [restartedMain] org.springframework.boot.devtools.env.DevToolsPropertyDefaultsPostProcessor:For additional web related logging consider setting the 'logging.level.web' property to 'DEBUG'
2023-01-21 22:35:16,509 WARN  [restartedMain] org.springframework.boot.web.servlet.context.AnnotationConfigServletWebServerApplicationContext:Exception encountered during context initialization - cancelling refresh attempt: org.springframework.beans.factory.support.BeanDefinitionOverrideException: Invalid bean definition with name 'authTokenFilter' defined in class path resource [com/tpe/config/WebSecurityConfig.class]: Cannot register bean definition [Root bean: class [null]; scope=; abstract=false; lazyInit=null; autowireMode=3; dependencyCheck=0; autowireCandidate=true; primary=false; factoryBeanName=webSecurityConfig; factoryMethodName=authTokenFilter; initMethodName=null; destroyMethodName=(inferred); defined in class path resource [com/tpe/config/WebSecurityConfig.class]] for bean 'authTokenFilter': There is already [Generic bean: class [com.tpe.security.AuthTokenFilter]; scope=singleton; abstract=false; lazyInit=null; autowireMode=0; dependencyCheck=0; autowireCandidate=true; primary=false; factoryBeanName=null; factoryMethodName=null; initMethodName=null; destroyMethodName=null; defined in file [/Users/abidehalidekaradag/eclipse-workspace/spring_jwt/target/classes/com/tpe/security/AuthTokenFilter.class]] bound.
2023-01-21 22:35:16,525 INFO  [restartedMain] org.springframework.boot.autoconfigure.logging.ConditionEvaluationReportLoggingListener:

Error starting ApplicationContext. To display the conditions report re-run your application with 'debug' enabled.
2023-01-21 22:35:16,550 ERROR [restartedMain] org.springframework.boot.diagnostics.LoggingFailureAnalysisReporter:

***************************
APPLICATION FAILED TO START
***************************

Description:

The bean 'authTokenFilter', defined in class path resource [com/tpe/config/WebSecurityConfig.class], could not be registered. A bean with that name has already been defined in file [/Users/abidehalidekaradag/eclipse-workspace/spring_jwt/target/classes/com/tpe/security/AuthTokenFilter.class] and overriding is disabled.

Action:

Consider renaming one of the beans or enabling overriding by setting spring.main.allow-bean-definition-overriding=true

2023-01-21 22:36:42,489 INFO  [restartedMain] com.tpe.SpringJwtApplication:Starting SpringJwtApplication using Java 18.0.2.1 on Abide-MacBook-Pro.fritz.box with PID 20492 (/Users/abidehalidekaradag/eclipse-workspace/spring_jwt/target/classes started by abidehalidekaradag in /Users/abidehalidekaradag/eclipse-workspace/spring_jwt)
2023-01-21 22:36:42,491 INFO  [restartedMain] com.tpe.SpringJwtApplication:No active profile set, falling back to 1 default profile: "default"
2023-01-21 22:36:42,630 INFO  [restartedMain] org.springframework.boot.devtools.env.DevToolsPropertyDefaultsPostProcessor:Devtools property defaults active! Set 'spring.devtools.add-properties' to 'false' to disable
2023-01-21 22:36:42,631 INFO  [restartedMain] org.springframework.boot.devtools.env.DevToolsPropertyDefaultsPostProcessor:For additional web related logging consider setting the 'logging.level.web' property to 'DEBUG'
2023-01-21 22:36:43,628 INFO  [restartedMain] org.springframework.data.repository.config.RepositoryConfigurationDelegate:Bootstrapping Spring Data JPA repositories in DEFAULT mode.
2023-01-21 22:36:43,694 INFO  [restartedMain] org.springframework.data.repository.config.RepositoryConfigurationDelegate:Finished Spring Data repository scanning in 60 ms. Found 2 JPA repository interfaces.
2023-01-21 22:36:44,291 INFO  [restartedMain] org.springframework.boot.web.embedded.tomcat.TomcatWebServer:Tomcat initialized with port(s): 8080 (http)
2023-01-21 22:36:44,297 INFO  [restartedMain] org.apache.catalina.core.StandardService:Starting service [Tomcat]
2023-01-21 22:36:44,298 INFO  [restartedMain] org.apache.catalina.core.StandardEngine:Starting Servlet engine: [Apache Tomcat/9.0.58]
2023-01-21 22:36:44,342 INFO  [restartedMain] org.apache.catalina.core.ContainerBase.[Tomcat].[localhost].[/]:Initializing Spring embedded WebApplicationContext
2023-01-21 22:36:44,342 INFO  [restartedMain] org.springframework.boot.web.servlet.context.ServletWebServerApplicationContext:Root WebApplicationContext: initialization completed in 1710 ms
2023-01-21 22:36:44,607 INFO  [restartedMain] org.hibernate.jpa.internal.util.LogHelper:HHH000204: Processing PersistenceUnitInfo [name: default]
2023-01-21 22:36:44,636 INFO  [restartedMain] org.hibernate.Version:HHH000412: Hibernate ORM core version 5.6.5.Final
2023-01-21 22:36:44,771 INFO  [restartedMain] org.hibernate.annotations.common.Version:HCANN000001: Hibernate Commons Annotations {5.1.2.Final}
2023-01-21 22:36:44,827 INFO  [restartedMain] com.zaxxer.hikari.HikariDataSource:HikariPool-1 - Starting...
2023-01-21 22:36:44,986 INFO  [restartedMain] com.zaxxer.hikari.HikariDataSource:HikariPool-1 - Start completed.
2023-01-21 22:36:45,000 INFO  [restartedMain] org.hibernate.dialect.Dialect:HHH000400: Using dialect: org.hibernate.dialect.PostgreSQLDialect
2023-01-21 22:36:45,519 INFO  [restartedMain] org.hibernate.engine.transaction.jta.platform.internal.JtaPlatformInitiator:HHH000490: Using JtaPlatform implementation: [org.hibernate.engine.transaction.jta.platform.internal.NoJtaPlatform]
2023-01-21 22:36:45,525 INFO  [restartedMain] org.springframework.orm.jpa.LocalContainerEntityManagerFactoryBean:Initialized JPA EntityManagerFactory for persistence unit 'default'
2023-01-21 22:36:45,833 WARN  [restartedMain] org.springframework.boot.autoconfigure.orm.jpa.JpaBaseConfiguration$JpaWebConfiguration:spring.jpa.open-in-view is enabled by default. Therefore, database queries may be performed during view rendering. Explicitly configure spring.jpa.open-in-view to disable this warning
2023-01-21 22:36:46,110 INFO  [restartedMain] org.springframework.security.web.DefaultSecurityFilterChain:Will not secure any request
2023-01-21 22:36:46,589 INFO  [restartedMain] org.springframework.boot.devtools.autoconfigure.OptionalLiveReloadServer:LiveReload server is running on port 35729
2023-01-21 22:36:46,599 INFO  [restartedMain] org.springframework.boot.actuate.endpoint.web.EndpointLinksResolver:Exposing 4 endpoint(s) beneath base path '/actuator'
2023-01-21 22:36:46,659 INFO  [restartedMain] org.springframework.boot.web.embedded.tomcat.TomcatWebServer:Tomcat started on port(s): 8080 (http) with context path ''
2023-01-21 22:36:46,681 INFO  [restartedMain] com.tpe.SpringJwtApplication:Started SpringJwtApplication in 4.622 seconds (JVM running for 5.331)
2023-01-21 22:36:46,846 INFO  [RMI TCP Connection(1)-192.168.178.70] org.apache.catalina.core.ContainerBase.[Tomcat].[localhost].[/]:Initializing Spring DispatcherServlet 'dispatcherServlet'
2023-01-21 22:37:13,796 ERROR [http-nio-8080-exec-1] org.apache.catalina.core.ContainerBase.[Tomcat].[localhost].[/].[dispatcherServlet]:Servlet.service() for servlet [dispatcherServlet] in context with path [] threw exception [Request processing failed; nested exception is com.tpe.exception.ResourceNotFoundException: Role bilgisi bulunamadı] with root cause
com.tpe.exception.ResourceNotFoundException: Role bilgisi bulunamadı
	at com.tpe.service.UserService.lambda$registerUser$0(UserService.java:31)
	at java.base/java.util.Optional.orElseThrow(Optional.java:403)
	at com.tpe.service.UserService.registerUser(UserService.java:30)
	at com.tpe.controller.UserJWTController.registerUser(UserJWTController.java:33)
	at java.base/jdk.internal.reflect.DirectMethodHandleAccessor.invoke(DirectMethodHandleAccessor.java:104)
	at java.base/java.lang.reflect.Method.invoke(Method.java:577)
	at org.springframework.web.method.support.InvocableHandlerMethod.doInvoke(InvocableHandlerMethod.java:205)
	at org.springframework.web.method.support.InvocableHandlerMethod.invokeForRequest(InvocableHandlerMethod.java:150)
	at org.springframework.web.servlet.mvc.method.annotation.ServletInvocableHandlerMethod.invokeAndHandle(ServletInvocableHandlerMethod.java:117)
	at org.springframework.web.servlet.mvc.method.annotation.RequestMappingHandlerAdapter.invokeHandlerMethod(RequestMappingHandlerAdapter.java:895)
	at org.springframework.web.servlet.mvc.method.annotation.RequestMappingHandlerAdapter.handleInternal(RequestMappingHandlerAdapter.java:808)
	at org.springframework.web.servlet.mvc.method.AbstractHandlerMethodAdapter.handle(AbstractHandlerMethodAdapter.java:87)
	at org.springframework.web.servlet.DispatcherServlet.doDispatch(DispatcherServlet.java:1067)
	at org.springframework.web.servlet.DispatcherServlet.doService(DispatcherServlet.java:963)
	at org.springframework.web.servlet.FrameworkServlet.processRequest(FrameworkServlet.java:1006)
	at org.springframework.web.servlet.FrameworkServlet.doPost(FrameworkServlet.java:909)
	at javax.servlet.http.HttpServlet.service(HttpServlet.java:681)
	at org.springframework.web.servlet.FrameworkServlet.service(FrameworkServlet.java:883)
	at javax.servlet.http.HttpServlet.service(HttpServlet.java:764)
	at org.apache.catalina.core.ApplicationFilterChain.internalDoFilter(ApplicationFilterChain.java:227)
	at org.apache.catalina.core.ApplicationFilterChain.doFilter(ApplicationFilterChain.java:162)
	at org.apache.tomcat.websocket.server.WsFilter.doFilter(WsFilter.java:53)
	at org.apache.catalina.core.ApplicationFilterChain.internalDoFilter(ApplicationFilterChain.java:189)
	at org.apache.catalina.core.ApplicationFilterChain.doFilter(ApplicationFilterChain.java:162)
	at org.springframework.web.filter.OncePerRequestFilter.doFilter(OncePerRequestFilter.java:102)
	at org.apache.catalina.core.ApplicationFilterChain.internalDoFilter(ApplicationFilterChain.java:189)
	at org.apache.catalina.core.ApplicationFilterChain.doFilter(ApplicationFilterChain.java:162)
	at org.springframework.security.web.FilterChainProxy$VirtualFilterChain.doFilter(FilterChainProxy.java:327)
	at org.springframework.security.web.access.intercept.FilterSecurityInterceptor.invoke(FilterSecurityInterceptor.java:115)
	at org.springframework.security.web.access.intercept.FilterSecurityInterceptor.doFilter(FilterSecurityInterceptor.java:81)
	at org.springframework.security.web.FilterChainProxy$VirtualFilterChain.doFilter(FilterChainProxy.java:336)
	at org.springframework.security.web.access.ExceptionTranslationFilter.doFilter(ExceptionTranslationFilter.java:122)
	at org.springframework.security.web.access.ExceptionTranslationFilter.doFilter(ExceptionTranslationFilter.java:116)
	at org.springframework.security.web.FilterChainProxy$VirtualFilterChain.doFilter(FilterChainProxy.java:336)
	at org.springframework.security.web.session.SessionManagementFilter.doFilter(SessionManagementFilter.java:126)
	at org.springframework.security.web.session.SessionManagementFilter.doFilter(SessionManagementFilter.java:81)
	at org.springframework.security.web.FilterChainProxy$VirtualFilterChain.doFilter(FilterChainProxy.java:336)
	at org.springframework.security.web.authentication.AnonymousAuthenticationFilter.doFilter(AnonymousAuthenticationFilter.java:109)
	at org.springframework.security.web.FilterChainProxy$VirtualFilterChain.doFilter(FilterChainProxy.java:336)
	at org.springframework.security.web.servletapi.SecurityContextHolderAwareRequestFilter.doFilter(SecurityContextHolderAwareRequestFilter.java:149)
	at org.springframework.security.web.FilterChainProxy$VirtualFilterChain.doFilter(FilterChainProxy.java:336)
	at org.springframework.security.web.savedrequest.RequestCacheAwareFilter.doFilter(RequestCacheAwareFilter.java:63)
	at org.springframework.security.web.FilterChainProxy$VirtualFilterChain.doFilter(FilterChainProxy.java:336)
	at org.springframework.web.filter.OncePerRequestFilter.doFilter(OncePerRequestFilter.java:102)
	at org.springframework.security.web.FilterChainProxy$VirtualFilterChain.doFilter(FilterChainProxy.java:336)
	at org.springframework.security.web.authentication.logout.LogoutFilter.doFilter(LogoutFilter.java:103)
	at org.springframework.security.web.authentication.logout.LogoutFilter.doFilter(LogoutFilter.java:89)
	at org.springframework.security.web.FilterChainProxy$VirtualFilterChain.doFilter(FilterChainProxy.java:336)
	at org.springframework.security.web.header.HeaderWriterFilter.doHeadersAfter(HeaderWriterFilter.java:90)
	at org.springframework.security.web.header.HeaderWriterFilter.doFilterInternal(HeaderWriterFilter.java:75)
	at org.springframework.web.filter.OncePerRequestFilter.doFilter(OncePerRequestFilter.java:117)
	at org.springframework.security.web.FilterChainProxy$VirtualFilterChain.doFilter(FilterChainProxy.java:336)
	at org.springframework.security.web.context.SecurityContextPersistenceFilter.doFilter(SecurityContextPersistenceFilter.java:110)
	at org.springframework.security.web.context.SecurityContextPersistenceFilter.doFilter(SecurityContextPersistenceFilter.java:80)
	at org.springframework.security.web.FilterChainProxy$VirtualFilterChain.doFilter(FilterChainProxy.java:336)
	at org.springframework.security.web.context.request.async.WebAsyncManagerIntegrationFilter.doFilterInternal(WebAsyncManagerIntegrationFilter.java:55)
	at org.springframework.web.filter.OncePerRequestFilter.doFilter(OncePerRequestFilter.java:117)
	at org.springframework.security.web.FilterChainProxy$VirtualFilterChain.doFilter(FilterChainProxy.java:336)
	at org.springframework.security.web.FilterChainProxy.doFilterInternal(FilterChainProxy.java:211)
	at org.springframework.security.web.FilterChainProxy.doFilter(FilterChainProxy.java:183)
	at org.springframework.web.filter.DelegatingFilterProxy.invokeDelegate(DelegatingFilterProxy.java:354)
	at org.springframework.web.filter.DelegatingFilterProxy.doFilter(DelegatingFilterProxy.java:267)
	at org.apache.catalina.core.ApplicationFilterChain.internalDoFilter(ApplicationFilterChain.java:189)
	at org.apache.catalina.core.ApplicationFilterChain.doFilter(ApplicationFilterChain.java:162)
	at org.springframework.web.filter.RequestContextFilter.doFilterInternal(RequestContextFilter.java:100)
	at org.springframework.web.filter.OncePerRequestFilter.doFilter(OncePerRequestFilter.java:117)
	at org.apache.catalina.core.ApplicationFilterChain.internalDoFilter(ApplicationFilterChain.java:189)
	at org.apache.catalina.core.ApplicationFilterChain.doFilter(ApplicationFilterChain.java:162)
	at org.springframework.web.filter.FormContentFilter.doFilterInternal(FormContentFilter.java:93)
	at org.springframework.web.filter.OncePerRequestFilter.doFilter(OncePerRequestFilter.java:117)
	at org.apache.catalina.core.ApplicationFilterChain.internalDoFilter(ApplicationFilterChain.java:189)
	at org.apache.catalina.core.ApplicationFilterChain.doFilter(ApplicationFilterChain.java:162)
	at org.springframework.boot.actuate.metrics.web.servlet.WebMvcMetricsFilter.doFilterInternal(WebMvcMetricsFilter.java:96)
	at org.springframework.web.filter.OncePerRequestFilter.doFilter(OncePerRequestFilter.java:117)
	at org.apache.catalina.core.ApplicationFilterChain.internalDoFilter(ApplicationFilterChain.java:189)
	at org.apache.catalina.core.ApplicationFilterChain.doFilter(ApplicationFilterChain.java:162)
	at org.springframework.web.filter.CharacterEncodingFilter.doFilterInternal(CharacterEncodingFilter.java:201)
	at org.springframework.web.filter.OncePerRequestFilter.doFilter(OncePerRequestFilter.java:117)
	at org.apache.catalina.core.ApplicationFilterChain.internalDoFilter(ApplicationFilterChain.java:189)
	at org.apache.catalina.core.ApplicationFilterChain.doFilter(ApplicationFilterChain.java:162)
	at org.apache.catalina.core.StandardWrapperValve.invoke(StandardWrapperValve.java:197)
	at org.apache.catalina.core.StandardContextValve.invoke(StandardContextValve.java:97)
	at org.apache.catalina.authenticator.AuthenticatorBase.invoke(AuthenticatorBase.java:540)
	at org.apache.catalina.core.StandardHostValve.invoke(StandardHostValve.java:135)
	at org.apache.catalina.valves.ErrorReportValve.invoke(ErrorReportValve.java:92)
	at org.apache.catalina.core.StandardEngineValve.invoke(StandardEngineValve.java:78)
	at org.apache.catalina.connector.CoyoteAdapter.service(CoyoteAdapter.java:359)
	at org.apache.coyote.http11.Http11Processor.service(Http11Processor.java:399)
	at org.apache.coyote.AbstractProcessorLight.process(AbstractProcessorLight.java:65)
	at org.apache.coyote.AbstractProtocol$ConnectionHandler.process(AbstractProtocol.java:889)
	at org.apache.tomcat.util.net.NioEndpoint$SocketProcessor.doRun(NioEndpoint.java:1735)
	at org.apache.tomcat.util.net.SocketProcessorBase.run(SocketProcessorBase.java:49)
	at org.apache.tomcat.util.threads.ThreadPoolExecutor.runWorker(ThreadPoolExecutor.java:1191)
	at org.apache.tomcat.util.threads.ThreadPoolExecutor$Worker.run(ThreadPoolExecutor.java:659)
	at org.apache.tomcat.util.threads.TaskThread$WrappingRunnable.run(TaskThread.java:61)
	at java.base/java.lang.Thread.run(Thread.java:833)
2023-01-21 22:37:25,179 INFO  [SpringApplicationShutdownHook] org.springframework.orm.jpa.LocalContainerEntityManagerFactoryBean:Closing JPA EntityManagerFactory for persistence unit 'default'
2023-01-21 22:37:25,184 INFO  [SpringApplicationShutdownHook] com.zaxxer.hikari.HikariDataSource:HikariPool-1 - Shutdown initiated...
2023-01-21 22:37:25,187 INFO  [SpringApplicationShutdownHook] com.zaxxer.hikari.HikariDataSource:HikariPool-1 - Shutdown completed.
